<?xml version="1.0" encoding="UTF-8"?>
<testsuites>
  <testsuite name="fastlane.lanes">
    
    
    
      
      <testcase classname="fastlane.lanes" name="0: default_platform" time="0.000171">
        
      </testcase>
    
      
      <testcase classname="fastlane.lanes" name="1: assembleRelease" time="2.111792">
        
          <failure message="/opt/homebrew/Cellar/fastlane/2.225.0/libexec/gems/fastlane-2.225.0/fastlane/lib/fastlane/actions/actions_helper.rb:67:in `execute_action&apos;&#10;/opt/homebrew/Cellar/fastlane/2.225.0/libexec/gems/fastlane-2.225.0/fastlane/lib/fastlane/runner.rb:255:in `block in execute_action&apos;&#10;/opt/homebrew/Cellar/fastlane/2.225.0/libexec/gems/fastlane-2.225.0/fastlane/lib/fastlane/runner.rb:229:in `chdir&apos;&#10;/opt/homebrew/Cellar/fastlane/2.225.0/libexec/gems/fastlane-2.225.0/fastlane/lib/fastlane/runner.rb:229:in `execute_action&apos;&#10;/opt/homebrew/Cellar/fastlane/2.225.0/libexec/gems/fastlane-2.225.0/fastlane/lib/fastlane/runner.rb:157:in `trigger_action_by_name&apos;&#10;/opt/homebrew/Cellar/fastlane/2.225.0/libexec/gems/fastlane-2.225.0/fastlane/lib/fastlane/fast_file.rb:159:in `method_missing&apos;&#10;Fastfile:6:in `block (2 levels) in parsing_binding&apos;&#10;/opt/homebrew/Cellar/fastlane/2.225.0/libexec/gems/fastlane-2.225.0/fastlane/lib/fastlane/lane.rb:41:in `call&apos;&#10;/opt/homebrew/Cellar/fastlane/2.225.0/libexec/gems/fastlane-2.225.0/fastlane/lib/fastlane/runner.rb:49:in `block in execute&apos;&#10;/opt/homebrew/Cellar/fastlane/2.225.0/libexec/gems/fastlane-2.225.0/fastlane/lib/fastlane/runner.rb:45:in `chdir&apos;&#10;/opt/homebrew/Cellar/fastlane/2.225.0/libexec/gems/fastlane-2.225.0/fastlane/lib/fastlane/runner.rb:45:in `execute&apos;&#10;/opt/homebrew/Cellar/fastlane/2.225.0/libexec/gems/fastlane-2.225.0/fastlane/lib/fastlane/lane_manager.rb:46:in `cruise_lane&apos;&#10;/opt/homebrew/Cellar/fastlane/2.225.0/libexec/gems/fastlane-2.225.0/fastlane/lib/fastlane/command_line_handler.rb:34:in `handle&apos;&#10;/opt/homebrew/Cellar/fastlane/2.225.0/libexec/gems/fastlane-2.225.0/fastlane/lib/fastlane/commands_generator.rb:110:in `block (2 levels) in run&apos;&#10;/opt/homebrew/Cellar/fastlane/2.225.0/libexec/gems/commander-4.6.0/lib/commander/command.rb:187:in `call&apos;&#10;/opt/homebrew/Cellar/fastlane/2.225.0/libexec/gems/commander-4.6.0/lib/commander/command.rb:157:in `run&apos;&#10;/opt/homebrew/Cellar/fastlane/2.225.0/libexec/gems/commander-4.6.0/lib/commander/runner.rb:444:in `run_active_command&apos;&#10;/opt/homebrew/Cellar/fastlane/2.225.0/libexec/gems/fastlane-2.225.0/fastlane_core/lib/fastlane_core/ui/fastlane_runner.rb:124:in `run!&apos;&#10;/opt/homebrew/Cellar/fastlane/2.225.0/libexec/gems/commander-4.6.0/lib/commander/delegates.rb:18:in `run!&apos;&#10;/opt/homebrew/Cellar/fastlane/2.225.0/libexec/gems/fastlane-2.225.0/fastlane/lib/fastlane/commands_generator.rb:363:in `run&apos;&#10;/opt/homebrew/Cellar/fastlane/2.225.0/libexec/gems/fastlane-2.225.0/fastlane/lib/fastlane/commands_generator.rb:43:in `start&apos;&#10;/opt/homebrew/Cellar/fastlane/2.225.0/libexec/gems/fastlane-2.225.0/fastlane/lib/fastlane/cli_tools_distributor.rb:123:in `take_off&apos;&#10;/opt/homebrew/Cellar/fastlane/2.225.0/libexec/gems/fastlane-2.225.0/bin/fastlane:23:in `&lt;top (required)&gt;&apos;&#10;/opt/homebrew/Cellar/fastlane/2.225.0/libexec/bin/fastlane:25:in `load&apos;&#10;/opt/homebrew/Cellar/fastlane/2.225.0/libexec/bin/fastlane:25:in `&lt;main&gt;&apos;&#10;&#10;Exit status of command &apos;/Users/hoaiduc/Projects/iBe/TestFastlane/gradlew assembleRelease -p . -Pandroid.injected.signing.store.file=&apos;&apos; -Pandroid.injected.signing.store.password=&apos;&apos; -Pandroid.injected.signing.key.alias=&apos;&apos; -Pandroid.injected.signing.key.password=&apos;&apos;&apos; was 1 instead of 0.&#10;&gt; Task :app:buildKotlinToolingMetadata UP-TO-DATE&#10;&gt; Task :app:preBuild UP-TO-DATE&#10;&gt; Task :app:preReleaseBuild UP-TO-DATE&#10;&gt; Task :app:checkReleaseAarMetadata UP-TO-DATE&#10;&gt; Task :app:generateReleaseResValues UP-TO-DATE&#10;&gt; Task :app:processReleaseGoogleServices UP-TO-DATE&#10;&gt; Task :app:mapReleaseSourceSetPaths UP-TO-DATE&#10;&gt; Task :app:generateReleaseResources UP-TO-DATE&#10;&gt; Task :app:mergeReleaseResources UP-TO-DATE&#10;&gt; Task :app:packageReleaseResources UP-TO-DATE&#10;&gt; Task :app:parseReleaseLocalResources UP-TO-DATE&#10;&gt; Task :app:createReleaseCompatibleScreenManifests&#10;&gt; Task :app:extractDeepLinksRelease UP-TO-DATE&#10;&gt; Task :app:processReleaseMainManifest UP-TO-DATE&#10;&gt; Task :app:processReleaseManifest&#10;&gt; Task :app:processReleaseManifestForPackage UP-TO-DATE&#10;&gt; Task :app:javaPreCompileRelease UP-TO-DATE&#10;&gt; Task :app:extractProguardFiles UP-TO-DATE&#10;&gt; Task :app:mergeReleaseJniLibFolders UP-TO-DATE&#10;&gt; Task :app:mergeReleaseNativeLibs NO-SOURCE&#10;&gt; Task :app:stripReleaseDebugSymbols NO-SOURCE&#10;&gt; Task :app:extractReleaseNativeSymbolTables NO-SOURCE&#10;&gt; Task :app:mergeReleaseNativeDebugMetadata NO-SOURCE&#10;&gt; Task :app:checkReleaseDuplicateClasses UP-TO-DATE&#10;&gt; Task :app:desugarReleaseFileDependencies UP-TO-DATE&#10;&gt; Task :app:mergeReleaseStartupProfile UP-TO-DATE&#10;&gt; Task :app:mergeExtDexRelease UP-TO-DATE&#10;&gt; Task :app:mergeReleaseArtProfile UP-TO-DATE&#10;&gt; Task :app:mergeReleaseShaders UP-TO-DATE&#10;&gt; Task :app:compileReleaseShaders NO-SOURCE&#10;&gt; Task :app:generateReleaseAssets UP-TO-DATE&#10;&gt; Task :app:mergeReleaseAssets UP-TO-DATE&#10;&gt; Task :app:compressReleaseAssets UP-TO-DATE&#10;&gt; Task :app:extractReleaseVersionControlInfo&#10;&gt; Task :app:collectReleaseDependencies UP-TO-DATE&#10;&gt; Task :app:sdkReleaseDependencyData UP-TO-DATE&#10;&gt; Task :app:validateSigningRelease FAILED&#10;&gt; Task :app:processReleaseResources&#10;&#10;FAILURE: Build failed with an exception.&#10;&#10;* What went wrong:&#10;Execution failed for task &apos;:app:validateSigningRelease&apos;.&#10;&gt; Keystore file &apos;/Users/hoaiduc/.gradle/daemon/8.7&apos; not found for signing config &apos;externalOverride&apos;.&#10;&#10;* Try:&#10;&gt; Run with --stacktrace option to get the stack trace.&#10;&gt; Run with --info or --debug option to get more log output.&#10;&gt; Run with --scan to get full insights.&#10;&gt; Get more help at https://help.gradle.org.&#10;&#10;Deprecated Gradle features were used in this build, making it incompatible with Gradle 9.0.&#10;&#10;You can use &apos;--warning-mode all&apos; to show the individual deprecation warnings and determine if they come from your own scripts or plugins.&#10;&#10;For more on this, please refer to https://docs.gradle.org/8.7/userguide/command_line_interface.html#sec:command_line_warnings in the Gradle documentation.&#10;&#10;BUILD FAILED in 1s&#10;30 actionable tasks: 5 executed, 25 up-to-date&#10;" />
        
      </testcase>
    
  </testsuite>
</testsuites>
